<?xml version="1.0" encoding="UTF-8"?>
<!-- Generated by org.testng.reporters.JUnitReportReporter -->
<testsuite hostname="Fazican" failures="0" tests="2" name="selenium.Testing2" time="0.028" errors="0" timestamp="2022-01-29T15:30:01 EST" skipped="0">
  <testcase classname="selenium.Testing2" name="test4" time="0.025"/>
  <testcase classname="selenium.Testing2" name="test5" time="0.003"/>
</testsuite> <!-- selenium.Testing2 -->
