<?xml version="1.0" encoding="UTF-8"?>
<!-- Generated by org.testng.reporters.JUnitReportReporter -->
<testsuite hostname="Fazican" failures="0" tests="5" name="selenium.Testing1" time="0.036" errors="0" timestamp="2022-01-30T13:14:07 EST" skipped="0">
  <testcase classname="selenium.Testing1" name="abc" time="0.013"/>
  <testcase classname="selenium.Testing1" name="abc" time="0.009"/>
  <testcase classname="selenium.Testing1" name="test1" time="0.003"/>
  <testcase classname="selenium.Testing1" name="test3" time="0.003"/>
  <testcase classname="selenium.Testing1" name="test2" time="0.008"/>
</testsuite> <!-- selenium.Testing1 -->
