<?xml version="1.0" encoding="UTF-8"?>
<!-- Generated by org.testng.reporters.JUnitReportReporter -->
<testsuite hostname="Fazican" failures="0" tests="4" name="test.LoginTest" time="66.807" errors="0" timestamp="2022-01-29T21:53:42 EST" skipped="0">
  <testcase classname="test.LoginTest" name="loginWithWrongEmailPaswordTest" time="17.684"/>
  <testcase classname="test.LoginTest" name="loginWithEmptyEmailTest" time="14.440"/>
  <testcase classname="test.LoginTest" name="loginWithEmptyPasswordTest" time="20.081"/>
  <testcase classname="test.LoginTest" name="loginWithSpecialCharEmailTest" time="14.602"/>
</testsuite> <!-- test.LoginTest -->
