<?xml version="1.0" encoding="UTF-8"?>
<!-- Generated by org.testng.reporters.JUnitReportReporter -->
<testsuite hostname="Fazican" failures="0" tests="2" name="Testcases.Login" time="0.003" errors="0" timestamp="2022-01-19T18:19:33 EST" skipped="0">
  <testcase classname="Testcases.Login" name="logout" time="0.001"/>
  <testcase classname="Testcases.Login" name="login1" time="0.002"/>
</testsuite> <!-- Testcases.Login -->
