<?xml version="1.0" encoding="UTF-8"?>
<!-- Generated by org.testng.reporters.JUnitReportReporter -->
<testsuite hostname="Fazican" failures="0" tests="2" name="Testcases.CreateUser" time="0.011" errors="0" timestamp="2022-01-22T17:05:01 EST" skipped="0">
  <testcase classname="Testcases.CreateUser" name="createUser" time="0.002"/>
  <testcase classname="Testcases.CreateUser" name="createUser" time="0.009"/>
</testsuite> <!-- Testcases.CreateUser -->
