<?xml version="1.0" encoding="UTF-8"?>
<!-- Generated by org.testng.reporters.JUnitReportReporter -->
<testsuite hostname="Fazican" failures="0" tests="3" name="Testcases.SearchAndBuyPhone" time="0.009" errors="0" timestamp="2022-01-19T18:19:33 EST" skipped="0">
  <testcase classname="Testcases.SearchAndBuyPhone" name="search" time="0.002"/>
  <testcase classname="Testcases.SearchAndBuyPhone" name="selectphone" time="0.004"/>
  <testcase classname="Testcases.SearchAndBuyPhone" name="checkout" time="0.003"/>
</testsuite> <!-- Testcases.SearchAndBuyPhone -->
